# JRE version: Java(TM) SE Runtime Environment 18.9 (11.0.10+8) (build 11.0.10+8-LTS-162)
# Java VM: Java HotSpot(TM) 64-Bit Server VM 18.9 (11.0.10+8-LTS-162, mixed mode, tiered, compressed oops, g1 gc, windows-amd64)
Heap:
 garbage-first heap   total 258048K, used 24789K [0x0000000704a00000, 0x0000000800000000)
  region size 1024K, 21 young (21504K), 7 survivors (7168K)
 Metaspace       used 36800K, capacity 37933K, committed 38016K, reserved 1083392K
  class space    used 4254K, capacity 4683K, committed 4736K, reserved 1048576K
GC Heap History (10 events):
Event: 1.414 GC heap before
{Heap before GC invocations=0 (full 0):
 garbage-first heap   total 258048K, used 23552K [0x0000000704a00000, 0x0000000800000000)
  region size 1024K, 24 young (24576K), 0 survivors (0K)
 Metaspace       used 13436K, capacity 13700K, committed 13824K, reserved 1060864K
  class space    used 1321K, capacity 1426K, committed 1536K, reserved 1048576K
}
Event: 1.421 GC heap after
{Heap after GC invocations=1 (full 0):
 garbage-first heap   total 258048K, used 4460K [0x0000000704a00000, 0x0000000800000000)
  region size 1024K, 3 young (3072K), 3 survivors (3072K)
 Metaspace       used 13436K, capacity 13700K, committed 13824K, reserved 1060864K
  class space    used 1321K, capacity 1426K, committed 1536K, reserved 1048576K
}
Event: 2.251 GC heap before
{Heap before GC invocations=1 (full 0):
 garbage-first heap   total 258048K, used 25964K [0x0000000704a00000, 0x0000000800000000)
  region size 1024K, 24 young (24576K), 3 survivors (3072K)
 Metaspace       used 18617K, capacity 19110K, committed 19200K, reserved 1067008K
  class space    used 2012K, capacity 2221K, committed 2304K, reserved 1048576K
}
Event: 2.258 GC heap after
{Heap after GC invocations=2 (full 0):
 garbage-first heap   total 258048K, used 5940K [0x0000000704a00000, 0x0000000800000000)
  region size 1024K, 2 young (2048K), 2 survivors (2048K)
 Metaspace       used 18617K, capacity 19110K, committed 19200K, reserved 1067008K
  class space    used 2012K, capacity 2221K, committed 2304K, reserved 1048576K
}
Event: 2.445 GC heap before
{Heap before GC invocations=2 (full 0):
 garbage-first heap   total 258048K, used 15156K [0x0000000704a00000, 0x0000000800000000)
  region size 1024K, 12 young (12288K), 2 survivors (2048K)
 Metaspace       used 20775K, capacity 21214K, committed 21296K, reserved 1069056K
  class space    used 2235K, capacity 2410K, committed 2432K, reserved 1048576K
}
Event: 2.449 GC heap after
{Heap after GC invocations=3 (full 0):
 garbage-first heap   total 258048K, used 6225K [0x0000000704a00000, 0x0000000800000000)
  region size 1024K, 2 young (2048K), 2 survivors (2048K)
 Metaspace       used 20775K, capacity 21214K, committed 21296K, reserved 1069056K
  class space    used 2235K, capacity 2410K, committed 2432K, reserved 1048576K
}
Event: 6.920 GC heap before
{Heap before GC invocations=4 (full 0):
 garbage-first heap   total 258048K, used 85073K [0x0000000704a00000, 0x0000000800000000)
  region size 1024K, 80 young (81920K), 2 survivors (2048K)
 Metaspace       used 33546K, capacity 34501K, committed 34688K, reserved 1079296K
  class space    used 3842K, capacity 4223K, committed 4224K, reserved 1048576K
}
Event: 6.954 GC heap after
{Heap after GC invocations=5 (full 0):
 garbage-first heap   total 258048K, used 10609K [0x0000000704a00000, 0x0000000800000000)
  region size 1024K, 6 young (6144K), 6 survivors (6144K)
 Metaspace       used 33546K, capacity 34501K, committed 34688K, reserved 1079296K
  class space    used 3842K, capacity 4223K, committed 4224K, reserved 1048576K
}
Event: 7.182 GC heap before
{Heap before GC invocations=5 (full 0):
 garbage-first heap   total 258048K, used 18801K [0x0000000704a00000, 0x0000000800000000)
  region size 1024K, 15 young (15360K), 6 survivors (6144K)
 Metaspace       used 34860K, capacity 35846K, committed 35968K, reserved 1081344K
  class space    used 4018K, capacity 4391K, committed 4480K, reserved 1048576K
}
Event: 7.190 GC heap after
{Heap after GC invocations=6 (full 0):
 garbage-first heap   total 258048K, used 11477K [0x0000000704a00000, 0x0000000800000000)
  region size 1024K, 7 young (7168K), 7 survivors (7168K)
 Metaspace       used 34860K, capacity 35846K, committed 35968K, reserved 1081344K
  class space    used 4018K, capacity 4391K, committed 4480K, reserved 1048576K
}

